<?xml version="1.0" encoding="UTF-8"?>
<!-- Generated by org.testng.reporters.JUnitXMLReporter -->
<testsuite ignored="0" hostname="LenovoV310" failures="6" tests="15" name="Test" time="125.794" errors="0" timestamp="2021-10-25T07:06:52 IST">
  <testcase classname="Qualitest.QualiCoachAssignment.AdminTest" name="alphanumericValues" time="17.771"/>
  <testcase classname="Qualitest.QualiCoachAssignment.AdminTest" name="emptyFields" time="4.95"/>
  <testcase classname="Qualitest.QualiCoachAssignment.AdminTest" name="inValidPassword" time="5.291"/>
  <testcase classname="Qualitest.QualiCoachAssignment.AdminTest" name="inValidUsername" time="4.951"/>
  <testcase classname="Qualitest.QualiCoachAssignment.AdminTest" name="validAdminPageAutomation" time="29.294"/>
  <testcase classname="Qualitest.QualiCoachAssignment.AddCourseTest" name="addCourse" time="0.0">
    <failure type="org.testng.TestNGException" message="
Cannot inject @Test annotated Method [addCourse] with [interface org.openqa.selenium.WebDriver].
For more information on native dependency injection please refer to https://testng.org/doc/documentation-main.html#native-dependency-injection">
      <![CDATA[org.testng.TestNGException: 
Cannot inject @Test annotated Method [addCourse] with [interface org.openqa.selenium.WebDriver].
For more information on native dependency injection please refer to https://testng.org/doc/documentation-main.html#native-dependency-injection
at java.base/java.util.ArrayList.forEach(ArrayList.java:1511)
... Removed 26 stack frames]]>
    </failure>
  </testcase> <!-- addCourse -->
  <testcase classname="Qualitest.QualiCoachAssignment.CreateNewUserTest" name="createNewUser" time="0.0">
    <failure type="org.testng.TestNGException" message="
Cannot inject @Test annotated Method [createNewUser] with [interface org.openqa.selenium.WebDriver].
For more information on native dependency injection please refer to https://testng.org/doc/documentation-main.html#native-dependency-injection">
      <![CDATA[org.testng.TestNGException: 
Cannot inject @Test annotated Method [createNewUser] with [interface org.openqa.selenium.WebDriver].
For more information on native dependency injection please refer to https://testng.org/doc/documentation-main.html#native-dependency-injection
at java.base/java.util.ArrayList.forEach(ArrayList.java:1511)
... Removed 26 stack frames]]>
    </failure>
  </testcase> <!-- createNewUser -->
  <testcase classname="Qualitest.QualiCoachAssignment.EditUserInformationTest" name="editUsersInformation" time="0.0">
    <failure type="org.testng.TestNGException" message="
Cannot inject @Test annotated Method [editUsersInformation] with [interface org.openqa.selenium.WebDriver].
For more information on native dependency injection please refer to https://testng.org/doc/documentation-main.html#native-dependency-injection">
      <![CDATA[org.testng.TestNGException: 
Cannot inject @Test annotated Method [editUsersInformation] with [interface org.openqa.selenium.WebDriver].
For more information on native dependency injection please refer to https://testng.org/doc/documentation-main.html#native-dependency-injection
at java.base/java.util.ArrayList.forEach(ArrayList.java:1511)
... Removed 26 stack frames]]>
    </failure>
  </testcase> <!-- editUsersInformation -->
  <testcase classname="Qualitest.QualiCoachAssignment.DeleteUserTest" name="deleteUser" time="0.0">
    <failure type="org.testng.TestNGException" message="
Cannot inject @Test annotated Method [deleteUser] with [interface org.openqa.selenium.WebDriver].
For more information on native dependency injection please refer to https://testng.org/doc/documentation-main.html#native-dependency-injection">
      <![CDATA[org.testng.TestNGException: 
Cannot inject @Test annotated Method [deleteUser] with [interface org.openqa.selenium.WebDriver].
For more information on native dependency injection please refer to https://testng.org/doc/documentation-main.html#native-dependency-injection
at java.base/java.util.ArrayList.forEach(ArrayList.java:1511)
... Removed 26 stack frames]]>
    </failure>
  </testcase> <!-- deleteUser -->
  <testcase classname="Qualitest.QualiCoachAssignment.ViewAndDownloadReport" name="viewDownloadReports" time="0.0">
    <failure type="org.testng.TestNGException" message="
Cannot inject @Test annotated Method [viewDownloadReports] with [interface org.openqa.selenium.WebDriver].
For more information on native dependency injection please refer to https://testng.org/doc/documentation-main.html#native-dependency-injection">
      <![CDATA[org.testng.TestNGException: 
Cannot inject @Test annotated Method [viewDownloadReports] with [interface org.openqa.selenium.WebDriver].
For more information on native dependency injection please refer to https://testng.org/doc/documentation-main.html#native-dependency-injection
at java.base/java.util.ArrayList.forEach(ArrayList.java:1511)
... Removed 26 stack frames]]>
    </failure>
  </testcase> <!-- viewDownloadReports -->
  <testcase classname="Qualitest.QualiCoachAssignment.StudentTest" name="emptyFields" time="16.795"/>
  <testcase classname="Qualitest.QualiCoachAssignment.StudentTest" name="inValidPassword" time="4.926"/>
  <testcase classname="Qualitest.QualiCoachAssignment.StudentTest" name="inValidUsername" time="4.592"/>
  <testcase classname="Qualitest.QualiCoachAssignment.StudentTest" name="numericValues" time="5.557"/>
  <testcase classname="Qualitest.QualiCoachAssignment.StudentTest" name="validstudentPageAutomation" time="31.526">
    <failure type="org.openqa.selenium.NoSuchWindowException" message="no such window: target window already closed
from unknown error: web view not found
  (Session info: chrome=95.0.4638.54)
Build info: version: &amp;apos;4.0.0-rc-3&amp;apos;, revision: &amp;apos;5fe1af712f&amp;apos;
System info: host: &amp;apos;LENOVOV310&amp;apos;, ip: &amp;apos;192.168.6.193&amp;apos;, os.name: &amp;apos;Windows 10&amp;apos;, os.arch: &amp;apos;amd64&amp;apos;, os.version: &amp;apos;10.0&amp;apos;, java.version: &amp;apos;16.0.2&amp;apos;
Driver info: org.openqa.selenium.chrome.ChromeDriver
Command: [68ddba74e5e5b1fbaa27ecfa14950f7e, findElement {using=xpath, value=//li[@class=&amp;apos;editprofile&amp;apos;]/span}]
Capabilities {acceptInsecureCerts: false, browserName: chrome, browserVersion: 95.0.4638.54, chrome: {chromedriverVersion: 95.0.4638.17 (a9d0719444d4b..., userDataDir: C:\Users\YASHAW~1\AppData\L...}, goog:chromeOptions: {debuggerAddress: localhost:65163}, javascriptEnabled: true, networkConnectionEnabled: false, pageLoadStrategy: normal, platform: WINDOWS, platformName: WINDOWS, proxy: Proxy(), se:cdp: ws://localhost:65163/devtoo..., se:cdpVersion: 95.0.4638.54, setWindowRect: true, strictFileInteractability: false, timeouts: {implicit: 0, pageLoad: 300000, script: 30000}, unhandledPromptBehavior: dismiss and notify, webauthn:extension:credBlob: true, webauthn:extension:largeBlob: true, webauthn:virtualAuthenticators: true}
Session ID: 68ddba74e5e5b1fbaa27ecfa14950f7e">
      <![CDATA[org.openqa.selenium.NoSuchWindowException: no such window: target window already closed
from unknown error: web view not found
  (Session info: chrome=95.0.4638.54)
Build info: version: '4.0.0-rc-3', revision: '5fe1af712f'
System info: host: 'LENOVOV310', ip: '192.168.6.193', os.name: 'Windows 10', os.arch: 'amd64', os.version: '10.0', java.version: '16.0.2'
Driver info: org.openqa.selenium.chrome.ChromeDriver
Command: [68ddba74e5e5b1fbaa27ecfa14950f7e, findElement {using=xpath, value=//li[@class='editprofile']/span}]
Capabilities {acceptInsecureCerts: false, browserName: chrome, browserVersion: 95.0.4638.54, chrome: {chromedriverVersion: 95.0.4638.17 (a9d0719444d4b..., userDataDir: C:\Users\YASHAW~1\AppData\L...}, goog:chromeOptions: {debuggerAddress: localhost:65163}, javascriptEnabled: true, networkConnectionEnabled: false, pageLoadStrategy: normal, platform: WINDOWS, platformName: WINDOWS, proxy: Proxy(), se:cdp: ws://localhost:65163/devtoo..., se:cdpVersion: 95.0.4638.54, setWindowRect: true, strictFileInteractability: false, timeouts: {implicit: 0, pageLoad: 300000, script: 30000}, unhandledPromptBehavior: dismiss and notify, webauthn:extension:credBlob: true, webauthn:extension:largeBlob: true, webauthn:virtualAuthenticators: true}
Session ID: 68ddba74e5e5b1fbaa27ecfa14950f7e
at org.openqa.selenium.remote.codec.w3c.W3CHttpResponseCodec.createException(W3CHttpResponseCodec.java:200)
at org.openqa.selenium.remote.codec.w3c.W3CHttpResponseCodec.decode(W3CHttpResponseCodec.java:133)
at org.openqa.selenium.remote.codec.w3c.W3CHttpResponseCodec.decode(W3CHttpResponseCodec.java:53)
at org.openqa.selenium.remote.HttpCommandExecutor.execute(HttpCommandExecutor.java:184)
at org.openqa.selenium.remote.service.DriverCommandExecutor.invokeExecute(DriverCommandExecutor.java:164)
at org.openqa.selenium.remote.service.DriverCommandExecutor.execute(DriverCommandExecutor.java:139)
at org.openqa.selenium.remote.RemoteWebDriver.execute(RemoteWebDriver.java:559)
at org.openqa.selenium.remote.ElementLocation$ElementFinder$2.findElement(ElementLocation.java:162)
at org.openqa.selenium.remote.ElementLocation.findElement(ElementLocation.java:60)
at org.openqa.selenium.remote.RemoteWebDriver.findElement(RemoteWebDriver.java:383)
at org.openqa.selenium.remote.RemoteWebDriver.findElement(RemoteWebDriver.java:375)
at pageobjects.student.EditStudentProfile.getEditProfile(EditStudentProfile.java:37)
at Qualitest.QualiCoachAssignment.StudentEditProfile.editProfile(StudentEditProfile.java:27)
at Qualitest.QualiCoachAssignment.StudentTest.validstudentPageAutomation(StudentTest.java:49)
at java.base/java.util.ArrayList.forEach(ArrayList.java:1511)
... Removed 32 stack frames]]>
    </failure>
  </testcase> <!-- validstudentPageAutomation -->
</testsuite> <!-- Test -->
